=== Started 2018-09-11T10-36-13-788 ===
[INFO ][10:36:13] 418 bad words loaded
[WARN ][10:36:13] User account "Local Administrator" disabled
[WARN ][10:36:13] User account "Local Moderator" disabled
[WARN ][10:36:13] User account "Local User" disabled
[INFO ][10:36:13] 0 user records loaded.
[INFO ][10:36:13] 0 IP ban records loaded.
[INFO ][10:36:13] [1m[32mMultiOgar-Edited 1.6.1[37m - An open source multi-protocol ogar server[0m
[INFO ][10:36:13] WebSocket: ws
[INFO ][10:36:14] Started stats server on port 1110
[INFO ][10:36:14] Listening on port 1111
[INFO ][10:36:14] Current game mode is Free For All
[NONE ][10:36:14]   __  __       _ _   _  ___                        _____    _ _ _           _    _   __    _ 
 |  \/  |_   _| | |_(_)/ _ \  __ _  __ _ _ __     | ____|__| (_) |_ ___  __| |  / | / /_  / |
 | |\/| | | | | | __| | | | |/ _` |/ _` | '__|____|  _| / _` | | __/ _ \/ _` |  | || '_ \ | |
 | |  | | |_| | | |_| | |_| | (_| | (_| | | |_____| |__| (_| | | ||  __/ (_| |  | || (_) || |
 |_|  |_|\__,_|_|\__|_|\___/ \__, |\__,_|_|       |_____\__,_|_|\__\___|\__,_|  |_(_)___(_)_|
                             |___/                                                           
[NONE ][10:36:15] CONNECTED 10.1.0.4:41530, origin: "http://radthiek.byethost14.com"
[NONE ][10:36:50] CONNECTED 10.1.0.4:42336, origin: "http://radthiek.byethost14.com"
[NONE ][10:37:35] DISCONNECTED 10.1.0.4:41530, code: 1001, reason: "", name: "{13} "
[NONE ][10:53:55] DISCONNECTED 10.1.0.4:42336, code: 1001, reason: "", name: "{seraj-1} "
