=== Started 2018-09-10T16-16-52-845 ===
[INFO ][16:16:52] 418 bad words loaded
[WARN ][16:16:52] User account "Local Administrator" disabled
[WARN ][16:16:52] User account "Local Moderator" disabled
[WARN ][16:16:52] User account "Local User" disabled
[INFO ][16:16:52] 0 user records loaded.
[INFO ][16:16:52] 0 IP ban records loaded.
[INFO ][16:16:52] [1m[32mMultiOgar-Edited 1.6.1[37m - An open source multi-protocol ogar server[0m
[INFO ][16:16:52] WebSocket: ws
[INFO ][16:16:52] Started stats server on port 1110
[INFO ][16:16:52] Listening on port 1111
[INFO ][16:16:52] Current game mode is Free For All
[NONE ][16:16:52]   __  __       _ _   _  ___                        _____    _ _ _           _    _   __    _ 
 |  \/  |_   _| | |_(_)/ _ \  __ _  __ _ _ __     | ____|__| (_) |_ ___  __| |  / | / /_  / |
 | |\/| | | | | | __| | | | |/ _` |/ _` | '__|____|  _| / _` | | __/ _ \/ _` |  | || '_ \ | |
 | |  | | |_| | | |_| | |_| | (_| | (_| | | |_____| |__| (_| | | ||  __/ (_| |  | || (_) || |
 |_|  |_|\__,_|_|\__|_|\___/ \__, |\__,_|_|       |_____\__,_|_|\__\___|\__,_|  |_(_)___(_)_|
                             |___/                                                           
[NONE ][16:16:53] CONNECTED 10.2.0.5:55238, origin: "http://www.radthiek.byethost14.com"
[NONE ][16:16:54] CONNECTED 10.2.0.5:55315, origin: "http://www.radthiek.byethost14.com"
[NONE ][16:16:56] CONNECTED 10.2.0.5:55495, origin: "http://www.radthiek.byethost14.com"
[NONE ][16:16:57] CONNECTED 10.2.0.5:55582, origin: "http://www.radthiek.byethost14.com"
