=== Started 2018-09-10T16-06-27-595 ===
[INFO ][16:06:27] 418 bad words loaded
[WARN ][16:06:27] User account "Local Administrator" disabled
[WARN ][16:06:27] User account "Local Moderator" disabled
[WARN ][16:06:27] User account "Local User" disabled
[INFO ][16:06:27] 0 user records loaded.
[INFO ][16:06:27] 0 IP ban records loaded.
[INFO ][16:06:27] [1m[32mMultiOgar-Edited 1.6.1[37m - An open source multi-protocol ogar server[0m
[INFO ][16:06:27] WebSocket: ws
[INFO ][16:06:27] Started stats server on port 1110
[INFO ][16:06:27] Listening on port 1111
[INFO ][16:06:27] Current game mode is Free For All
[NONE ][16:06:27]   __  __       _ _   _  ___                        _____    _ _ _           _    _   __    _ 
 |  \/  |_   _| | |_(_)/ _ \  __ _  __ _ _ __     | ____|__| (_) |_ ___  __| |  / | / /_  / |
 | |\/| | | | | | __| | | | |/ _` |/ _` | '__|____|  _| / _` | | __/ _ \/ _` |  | || '_ \ | |
 | |  | | |_| | | |_| | |_| | (_| | (_| | | |_____| |__| (_| | | ||  __/ (_| |  | || (_) || |
 |_|  |_|\__,_|_|\__|_|\___/ \__, |\__,_|_|       |_____\__,_|_|\__\___|\__,_|  |_(_)___(_)_|
                             |___/                                                           
[NONE ][16:06:30] CONNECTED 10.2.0.5:60072, origin: "http://www.radthiek.byethost14.com"
[NONE ][16:08:24] CONNECTED 10.2.0.5:41312, origin: "http://www.radthiek.byethost14.com"
[NONE ][16:08:47] CONNECTED 10.2.0.5:43282, origin: "http://www.radthiek.byethost14.com"
[NONE ][16:09:13] CONNECTED 10.2.0.5:45559, origin: "http://www.radthiek.byethost14.com"
