=== Started 2018-09-07T03-15-47-512 ===
[INFO ][03:15:47] 418 bad words loaded
[WARN ][03:15:47] User account "Local Administrator" disabled
[WARN ][03:15:47] User account "Local Moderator" disabled
[WARN ][03:15:47] User account "Local User" disabled
[INFO ][03:15:47] 0 user records loaded.
[INFO ][03:15:47] 0 IP ban records loaded.
[INFO ][03:15:47] [1m[32mMultiOgar-Edited 1.6.1[37m - An open source multi-protocol ogar server[0m
[INFO ][03:15:47] WebSocket: ws
[INFO ][03:15:47] Started stats server on port 2220
[INFO ][03:15:47] Listening on port 2222
[INFO ][03:15:47] Current game mode is Experimental
[INFO ][03:15:47] Added 5 player bots
[NONE ][03:15:47]   __  __       _ _   _  ___                        _____    _ _ _           _    _   __    _ 
 |  \/  |_   _| | |_(_)/ _ \  __ _  __ _ _ __     | ____|__| (_) |_ ___  __| |  / | / /_  / |
 | |\/| | | | | | __| | | | |/ _` |/ _` | '__|____|  _| / _` | | __/ _ \/ _` |  | || '_ \ | |
 | |  | | |_| | | |_| | |_| | (_| | (_| | | |_____| |__| (_| | | ||  __/ (_| |  | || (_) || |
 |_|  |_|\__,_|_|\__|_|\___/ \__, |\__,_|_|       |_____\__,_|_|\__\___|\__,_|  |_(_)___(_)_|
                             |___/                                                           
[NONE ][03:17:15] CONNECTED 10.2.0.5:43651, origin: "http://www.radthiek.byethost16.com"
[NONE ][03:17:18] DISCONNECTED 10.2.0.5:43651, code: 1005, reason: "", name: ""
[NONE ][03:17:40] CONNECTED 10.2.0.5:45965, origin: "http://www.radthiek.byethost16.com"
