=== Started 2018-09-10T16-19-18-791 ===
[INFO ][16:19:18] 418 bad words loaded
[WARN ][16:19:18] User account "Local Administrator" disabled
[WARN ][16:19:18] User account "Local Moderator" disabled
[WARN ][16:19:18] User account "Local User" disabled
[INFO ][16:19:18] 0 user records loaded.
[INFO ][16:19:18] 0 IP ban records loaded.
[INFO ][16:19:18] [1m[32mMultiOgar-Edited 1.6.1[37m - An open source multi-protocol ogar server[0m
[INFO ][16:19:18] WebSocket: ws
[INFO ][16:19:18] Started stats server on port 1110
[INFO ][16:19:18] Listening on port 1111
[INFO ][16:19:18] Current game mode is Free For All
[NONE ][16:19:18]   __  __       _ _   _  ___                        _____    _ _ _           _    _   __    _ 
 |  \/  |_   _| | |_(_)/ _ \  __ _  __ _ _ __     | ____|__| (_) |_ ___  __| |  / | / /_  / |
 | |\/| | | | | | __| | | | |/ _` |/ _` | '__|____|  _| / _` | | __/ _ \/ _` |  | || '_ \ | |
 | |  | | |_| | | |_| | |_| | (_| | (_| | | |_____| |__| (_| | | ||  __/ (_| |  | || (_) || |
 |_|  |_|\__,_|_|\__|_|\___/ \__, |\__,_|_|       |_____\__,_|_|\__\___|\__,_|  |_(_)___(_)_|
                             |___/                                                           
[NONE ][16:19:25] CONNECTED 10.2.0.5:39188, origin: "http://radthiek.byethost14.com"
[NONE ][16:20:19] >pl
[NONE ][16:20:19] 
Current players: 1
[NONE ][16:20:19] Do "playerlist m" or "pl m" to list minions

[NONE ][16:20:19]  ID     | IP              | P | CELLS | SCORE  |   POSITION   | NICK                 
[NONE ][16:20:19] ─────────────────────────────────────────────────────────────────────────────────────
[NONE ][16:20:19]       1 | 10.2.0.5        | 6 |     1 |    484 | -5945, -6960 | ❦ↄɹ̤ᒪᓅ ™一❥๖ۣۜℱẋ     
[NONE ][16:20:24] >mass 1 10000
[NONE ][16:20:24] Set mass of ❦ↄɹ̤ᒪᓅ ™一❥๖ۣۜℱẋ to 10000.000
[NONE ][16:21:00] CONNECTED 10.2.0.5:46577, origin: "http://www.radthiek.byethost14.com"
