=== Started 2018-09-06T07-23-32-874 ===
[INFO ][07:23:32] 418 bad words loaded
[WARN ][07:23:32] User account "Local Administrator" disabled
[WARN ][07:23:32] User account "Local Moderator" disabled
[WARN ][07:23:32] User account "Local User" disabled
[INFO ][07:23:32] 0 user records loaded.
[INFO ][07:23:32] 0 IP ban records loaded.
[INFO ][07:23:32] [1m[32mMultiOgar-Edited 1.6.1[37m - An open source multi-protocol ogar server[0m
[INFO ][07:23:32] WebSocket: ws
[INFO ][07:23:32] Started stats server on port 2220
[INFO ][07:23:32] Listening on port 2222
[INFO ][07:23:32] Current game mode is Experimental
[INFO ][07:23:32] Added 5 player bots
[NONE ][07:23:33]   __  __       _ _   _  ___                        _____    _ _ _           _    _   __    _ 
 |  \/  |_   _| | |_(_)/ _ \  __ _  __ _ _ __     | ____|__| (_) |_ ___  __| |  / | / /_  / |
 | |\/| | | | | | __| | | | |/ _` |/ _` | '__|____|  _| / _` | | __/ _ \/ _` |  | || '_ \ | |
 | |  | | |_| | | |_| | |_| | (_| | (_| | | |_____| |__| (_| | | ||  __/ (_| |  | || (_) || |
 |_|  |_|\__,_|_|\__|_|\___/ \__, |\__,_|_|       |_____\__,_|_|\__\___|\__,_|  |_(_)___(_)_|
                             |___/                                                           
[NONE ][07:23:42] CONNECTED 10.1.0.8:33325, origin: "http://www.radthiek.byethost16.com"
[NONE ][07:23:42] DISCONNECTED 10.1.0.8:33325, code: 1006, reason: "", name: ""
[NONE ][07:23:44] CONNECTED 10.1.0.8:33631, origin: "http://www.radthiek.byethost16.com"
[NONE ][07:25:54] DISCONNECTED 10.1.0.8:33631, code: 1001, reason: "", name: "{wolf}❦ↄɹ̤ᒪᓅ ™一"
