=== Started 2018-09-07T11-35-24-415 ===
[INFO ][11:35:24] 418 bad words loaded
[WARN ][11:35:24] User account "Local Administrator" disabled
[WARN ][11:35:24] User account "Local Moderator" disabled
[WARN ][11:35:24] User account "Local User" disabled
[INFO ][11:35:24] 0 user records loaded.
[INFO ][11:35:24] 0 IP ban records loaded.
[INFO ][11:35:24] [1m[32mMultiOgar-Edited 1.6.1[37m - An open source multi-protocol ogar server[0m
[INFO ][11:35:24] WebSocket: ws
[INFO ][11:35:24] Started stats server on port 1110
[INFO ][11:35:24] Listening on port 1111
[INFO ][11:35:24] Current game mode is Free For All
[NONE ][11:35:24]   __  __       _ _   _  ___                        _____    _ _ _           _    _   __    _ 
 |  \/  |_   _| | |_(_)/ _ \  __ _  __ _ _ __     | ____|__| (_) |_ ___  __| |  / | / /_  / |
 | |\/| | | | | | __| | | | |/ _` |/ _` | '__|____|  _| / _` | | __/ _ \/ _` |  | || '_ \ | |
 | |  | | |_| | | |_| | |_| | (_| | (_| | | |_____| |__| (_| | | ||  __/ (_| |  | || (_) || |
 |_|  |_|\__,_|_|\__|_|\___/ \__, |\__,_|_|       |_____\__,_|_|\__\___|\__,_|  |_(_)___(_)_|
                             |___/                                                           
[NONE ][11:35:32] CONNECTED 10.2.0.5:36946, origin: "http://www.radthiekg.byethost5.com"
[NONE ][11:35:40] DISCONNECTED 10.2.0.5:36946, code: 1001, reason: "", name: ""
[NONE ][11:36:17] CONNECTED 10.2.0.5:41157, origin: "http://radthiek.byethost14.com"
[NONE ][11:36:18] DISCONNECTED 10.2.0.5:41157, code: 1001, reason: "", name: ""
