=== Started 2018-09-10T12-39-56-691 ===
[INFO ][12:39:56] 418 bad words loaded
[WARN ][12:39:56] User account "Local Administrator" disabled
[WARN ][12:39:56] User account "Local Moderator" disabled
[WARN ][12:39:56] User account "Local User" disabled
[INFO ][12:39:56] 0 user records loaded.
[INFO ][12:39:56] 0 IP ban records loaded.
[INFO ][12:39:56] [1m[32mMultiOgar-Edited 1.6.1[37m - An open source multi-protocol ogar server[0m
[INFO ][12:39:56] WebSocket: ws
[INFO ][12:39:56] Started stats server on port 2000
[INFO ][12:39:56] Listening on port 2001
[INFO ][12:39:56] Current game mode is Free For All
[NONE ][12:39:56]   __  __       _ _   _  ___                        _____    _ _ _           _    _   __    _ 
 |  \/  |_   _| | |_(_)/ _ \  __ _  __ _ _ __     | ____|__| (_) |_ ___  __| |  / | / /_  / |
 | |\/| | | | | | __| | | | |/ _` |/ _` | '__|____|  _| / _` | | __/ _ \/ _` |  | || '_ \ | |
 | |  | | |_| | | |_| | |_| | (_| | (_| | | |_____| |__| (_| | | ||  __/ (_| |  | || (_) || |
 |_|  |_|\__,_|_|\__|_|\___/ \__, |\__,_|_|       |_____\__,_|_|\__\___|\__,_|  |_(_)___(_)_|
                             |___/                                                           
[NONE ][12:40:02] CONNECTED 10.2.0.5:43023, origin: "http://radthiek.byethost14.com"
[NONE ][12:40:04] DISCONNECTED 10.2.0.5:43023, code: 1006, reason: "", name: ""
