=== Started 2018-09-07T07-55-18-466 ===
[INFO ][07:55:18] 418 bad words loaded
[WARN ][07:55:18] User account "Local Administrator" disabled
[WARN ][07:55:18] User account "Local Moderator" disabled
[WARN ][07:55:18] User account "Local User" disabled
[INFO ][07:55:18] 0 user records loaded.
[INFO ][07:55:18] 0 IP ban records loaded.
[INFO ][07:55:18] [1m[32mMultiOgar-Edited 1.6.1[37m - An open source multi-protocol ogar server[0m
[INFO ][07:55:18] WebSocket: ws
[INFO ][07:55:18] Started stats server on port 1110
[INFO ][07:55:18] Listening on port 1111
[INFO ][07:55:18] Current game mode is Free For All
[NONE ][07:55:18]   __  __       _ _   _  ___                        _____    _ _ _           _    _   __    _ 
 |  \/  |_   _| | |_(_)/ _ \  __ _  __ _ _ __     | ____|__| (_) |_ ___  __| |  / | / /_  / |
 | |\/| | | | | | __| | | | |/ _` |/ _` | '__|____|  _| / _` | | __/ _ \/ _` |  | || '_ \ | |
 | |  | | |_| | | |_| | |_| | (_| | (_| | | |_____| |__| (_| | | ||  __/ (_| |  | || (_) || |
 |_|  |_|\__,_|_|\__|_|\___/ \__, |\__,_|_|       |_____\__,_|_|\__\___|\__,_|  |_(_)___(_)_|
                             |___/                                                           
[NONE ][07:55:24] CONNECTED 10.2.0.5:52854, origin: "http://www.radthiekg.byethost5.com"
[NONE ][07:55:30] DISCONNECTED 10.2.0.5:52854, code: 1001, reason: "", name: ""
