=== Started 2018-09-06T12-25-37-946 ===
[INFO ][12:25:38] 418 bad words loaded
[WARN ][12:25:38] User account "Local Administrator" disabled
[WARN ][12:25:38] User account "Local Moderator" disabled
[WARN ][12:25:38] User account "Local User" disabled
[INFO ][12:25:38] 0 user records loaded.
[INFO ][12:25:38] 0 IP ban records loaded.
[INFO ][12:25:38] [1m[32mMultiOgar-Edited 1.6.1[37m - An open source multi-protocol ogar server[0m
[INFO ][12:25:38] WebSocket: ws
[INFO ][12:25:38] Started stats server on port 2220
[INFO ][12:25:38] Listening on port 2222
[INFO ][12:25:38] Current game mode is Experimental
[INFO ][12:25:38] Added 5 player bots
[NONE ][12:25:38]   __  __       _ _   _  ___                        _____    _ _ _           _    _   __    _ 
 |  \/  |_   _| | |_(_)/ _ \  __ _  __ _ _ __     | ____|__| (_) |_ ___  __| |  / | / /_  / |
 | |\/| | | | | | __| | | | |/ _` |/ _` | '__|____|  _| / _` | | __/ _ \/ _` |  | || '_ \ | |
 | |  | | |_| | | |_| | |_| | (_| | (_| | | |_____| |__| (_| | | ||  __/ (_| |  | || (_) || |
 |_|  |_|\__,_|_|\__|_|\___/ \__, |\__,_|_|       |_____\__,_|_|\__\___|\__,_|  |_(_)___(_)_|
                             |___/                                                           
[NONE ][12:25:54] CONNECTED 10.1.0.8:43799, origin: "http://www.radthiek.byethost16.com"
