=== Started 2018-09-06T12-34-36-396 ===
[INFO ][12:34:36] 418 bad words loaded
[WARN ][12:34:36] User account "Local Administrator" disabled
[WARN ][12:34:36] User account "Local Moderator" disabled
[WARN ][12:34:36] User account "Local User" disabled
[INFO ][12:34:36] 0 user records loaded.
[INFO ][12:34:36] 0 IP ban records loaded.
[INFO ][12:34:36] [1m[32mMultiOgar-Edited 1.6.1[37m - An open source multi-protocol ogar server[0m
[INFO ][12:34:36] WebSocket: ws
[INFO ][12:34:36] Started stats server on port 1110
[INFO ][12:34:36] Listening on port 1111
[INFO ][12:34:36] Current game mode is Experimental
[NONE ][12:34:36]   __  __       _ _   _  ___                        _____    _ _ _           _    _   __    _ 
 |  \/  |_   _| | |_(_)/ _ \  __ _  __ _ _ __     | ____|__| (_) |_ ___  __| |  / | / /_  / |
 | |\/| | | | | | __| | | | |/ _` |/ _` | '__|____|  _| / _` | | __/ _ \/ _` |  | || '_ \ | |
 | |  | | |_| | | |_| | |_| | (_| | (_| | | |_____| |__| (_| | | ||  __/ (_| |  | || (_) || |
 |_|  |_|\__,_|_|\__|_|\___/ \__, |\__,_|_|       |_____\__,_|_|\__\___|\__,_|  |_(_)___(_)_|
                             |___/                                                           
[NONE ][12:34:43] CONNECTED 10.1.0.8:39005, origin: "http://www.radthiek.byethost16.com"
[NONE ][12:34:47] DISCONNECTED 10.1.0.8:39005, code: 1005, reason: "", name: ""
[NONE ][12:34:50] CONNECTED 10.1.0.8:40049, origin: "http://www.radthiek.byethost16.com"
