=== Started 2018-09-07T07-54-12-633 ===
[INFO ][07:54:12] 418 bad words loaded
[WARN ][07:54:12] User account "Local Administrator" disabled
[WARN ][07:54:12] User account "Local Moderator" disabled
[WARN ][07:54:12] User account "Local User" disabled
[INFO ][07:54:12] 0 user records loaded.
[INFO ][07:54:12] 0 IP ban records loaded.
[INFO ][07:54:12] [1m[32mMultiOgar-Edited 1.6.1[37m - An open source multi-protocol ogar server[0m
[INFO ][07:54:12] WebSocket: ws
[INFO ][07:54:12] Started stats server on port 1110
[INFO ][07:54:12] Listening on port 1111
[INFO ][07:54:12] Current game mode is Free For All
[NONE ][07:54:12]   __  __       _ _   _  ___                        _____    _ _ _           _    _   __    _ 
 |  \/  |_   _| | |_(_)/ _ \  __ _  __ _ _ __     | ____|__| (_) |_ ___  __| |  / | / /_  / |
 | |\/| | | | | | __| | | | |/ _` |/ _` | '__|____|  _| / _` | | __/ _ \/ _` |  | || '_ \ | |
 | |  | | |_| | | |_| | |_| | (_| | (_| | | |_____| |__| (_| | | ||  __/ (_| |  | || (_) || |
 |_|  |_|\__,_|_|\__|_|\___/ \__, |\__,_|_|       |_____\__,_|_|\__\___|\__,_|  |_(_)___(_)_|
                             |___/                                                           
[NONE ][07:54:25] CONNECTED 10.2.0.5:46810, origin: "http://www.radthiekg.byethost5.com"
[NONE ][07:54:33] DISCONNECTED 10.2.0.5:46810, code: 1005, reason: "", name: ""
[NONE ][07:54:36] CONNECTED 10.2.0.5:47940, origin: "http://www.radthiekg.byethost5.com"
